2023-01-13 17:22:12.9390000 [client] INFO Writing client log to file /home/jordan/Repos/Work/cardano-haskell/cardano-node/hls.log
2023-01-13 17:22:12.9390000 [client] INFO Finding haskell-language-server
2023-01-13 17:22:12.9400000 [client] INFO Checking for ghcup installation
2023-01-13 17:22:12.9400000 [client] INFO Trying to find the ghcup executable in: /home/jordan/.ghcup/bin/ghcup
2023-01-13 17:22:12.9450000 [client] INFO Executing '/home/jordan/.ghcup/bin/ghcup --no-verbose upgrade' in cwd '/home/jordan'
2023-01-13 17:22:12.9920000 [client] INFO Checking for ghcup installation
2023-01-13 17:22:12.9920000 [client] INFO Trying to find the ghcup executable in: /home/jordan/.ghcup/bin/ghcup
2023-01-13 17:22:12.9970000 [client] INFO Executing '/home/jordan/.ghcup/bin/ghcup --no-verbose list -t hls -c installed -r' in cwd '/home/jordan'
2023-01-13 17:22:13.0430000 [client] INFO Checking for ghcup installation
2023-01-13 17:22:13.0430000 [client] INFO Trying to find the ghcup executable in: /home/jordan/.ghcup/bin/ghcup
2023-01-13 17:22:13.0500000 [client] INFO Executing '/home/jordan/.ghcup/bin/ghcup --no-verbose list -t cabal -c installed -r' in cwd '/home/jordan'
2023-01-13 17:22:13.0960000 [client] INFO Checking for ghcup installation
2023-01-13 17:22:13.0960000 [client] INFO Trying to find the ghcup executable in: /home/jordan/.ghcup/bin/ghcup
2023-01-13 17:22:13.1010000 [client] INFO Executing '/home/jordan/.ghcup/bin/ghcup --no-verbose list -t stack -c installed -r' in cwd '/home/jordan'
2023-01-13 17:22:13.1400000 [client] INFO Checking for ghcup installation
2023-01-13 17:22:13.1400000 [client] INFO Trying to find the ghcup executable in: /home/jordan/.ghcup/bin/ghcup
2023-01-13 17:22:13.1450000 [client] INFO Executing '/home/jordan/.ghcup/bin/ghcup --no-verbose whereis hls 1.9.0.0' in cwd '/home/jordan'
2023-01-13 17:22:13.1590000 [client] INFO Checking for ghcup installation
2023-01-13 17:22:13.1590000 [client] INFO Trying to find the ghcup executable in: /home/jordan/.ghcup/bin/ghcup
2023-01-13 17:22:13.1630000 [client] INFO Executing '/home/jordan/.ghcup/bin/ghcup --no-verbose whereis cabal 3.6.2.0' in cwd '/home/jordan'
2023-01-13 17:22:13.1770000 [client] INFO Checking for ghcup installation
2023-01-13 17:22:13.1780000 [client] INFO Trying to find the ghcup executable in: /home/jordan/.ghcup/bin/ghcup
2023-01-13 17:22:13.1830000 [client] INFO Executing '/home/jordan/.ghcup/bin/ghcup --no-verbose whereis stack 2.9.1' in cwd '/home/jordan'
2023-01-13 17:22:13.2030000 [client] INFO Executing 'ghc --numeric-version' in cwd '/home/jordan'
2023-01-13 17:22:13.2340000 [client] INFO Checking for ghcup installation
2023-01-13 17:22:13.2340000 [client] INFO Trying to find the ghcup executable in: /home/jordan/.ghcup/bin/ghcup
2023-01-13 17:22:13.2380000 [client] INFO Executing '/home/jordan/.ghcup/bin/ghcup --no-verbose run --hls 1.9.0.0 --cabal 3.6.2.0 --stack 2.9.1 --install' in cwd '/home/jordan'
2023-01-13 17:22:13.2820000 [client] INFO Working out the project GHC version. This might take a while...
2023-01-13 17:22:13.2830000 [client] INFO Executing 'haskell-language-server-wrapper --project-ghc-version' in cwd '/home/jordan/Repos/Work/cardano-haskell/cardano-node'
2023-01-13 17:22:13.2980000 [client] ERROR Error executing 'haskell-language-server-wrapper --project-ghc-version' with error code 1
2023-01-13 17:22:13.2980000 [client] ERROR stderr: Found "/home/jordan/Repos/Work/cardano-haskell/cardano-node/hie.yaml" for "/home/jordan/Repos/Work/cardano-haskell/cardano-node/a"
haskell-language-server-wrapper: AesonException "Error in $.cradle.cabal[30]: key \"path\" not found"

2023-01-13 17:22:13.2980000 [client] ERROR Error: haskell-language-server --project-ghc-version exited with exit code 1:

Found "/home/jordan/Repos/Work/cardano-haskell/cardano-node/hie.yaml" for "/home/jordan/Repos/Work/cardano-haskell/cardano-node/a"
haskell-language-server-wrapper: AesonException "Error in $.cradle.cabal[30]: key \"path\" not found"

2023-01-13 17:22:13.2990000 [client] INFO Executing 'ghc --numeric-version' in cwd '/home/jordan'
2023-01-13 17:22:13.5900000 [client] INFO Platform constants: Linux_UnknownLinux, A_64
2023-01-13 17:22:13.5900000 [client] INFO Checking for ghcup installation
2023-01-13 17:22:13.5900000 [client] INFO Trying to find the ghcup executable in: /home/jordan/.ghcup/bin/ghcup
2023-01-13 17:22:13.5950000 [client] INFO Executing '/home/jordan/.ghcup/bin/ghcup --no-verbose list -t hls -c installed -r' in cwd '/home/jordan'
2023-01-13 17:22:13.6380000 [client] INFO Checking for ghcup installation
2023-01-13 17:22:13.6380000 [client] INFO Trying to find the ghcup executable in: /home/jordan/.ghcup/bin/ghcup
2023-01-13 17:22:13.6430000 [client] INFO Executing '/home/jordan/.ghcup/bin/ghcup --no-verbose whereis bindir' in cwd '/home/jordan'
2023-01-13 17:22:13.6570000 [client] INFO Checking for ghcup installation
2023-01-13 17:22:13.6570000 [client] INFO Trying to find the ghcup executable in: /home/jordan/.ghcup/bin/ghcup
2023-01-13 17:22:13.6610000 [client] INFO Executing '/home/jordan/.ghcup/bin/ghcup --no-verbose whereis hls 1.9.0.0' in cwd '/home/jordan'
2023-01-13 17:22:13.6750000 [client] INFO Checking for ghcup installation
2023-01-13 17:22:13.6750000 [client] INFO Trying to find the ghcup executable in: /home/jordan/.ghcup/bin/ghcup
2023-01-13 17:22:13.6790000 [client] INFO Executing '/home/jordan/.ghcup/bin/ghcup --no-verbose whereis ghc 8.10.7' in cwd '/home/jordan'
2023-01-13 17:22:13.6930000 [client] INFO Checking for ghcup installation
2023-01-13 17:22:13.6930000 [client] INFO Trying to find the ghcup executable in: /home/jordan/.ghcup/bin/ghcup
2023-01-13 17:22:13.6990000 [client] INFO Executing '/home/jordan/.ghcup/bin/ghcup --no-verbose run --hls 1.9.0.0 --cabal 3.6.2.0 --stack 2.9.1 --ghc 8.10.7 --install' in cwd '/home/jordan'
2023-01-13 17:22:13.7450000 [client] INFO Activating the language server in working dir: /home/jordan/Repos/Work/cardano-haskell/cardano-node (the workspace folder)
2023-01-13 17:22:13.7450000 [client] INFO run command: /home/jordan/.ghcup/tmp/ghcup-ghc-8.10.7_cabal-3.6.2.0_hls-1.9.0.0_stack-2.9.1/haskell-language-server-wrapper --lsp -l hls.log
2023-01-13 17:22:13.7450000 [client] INFO debug command: /home/jordan/.ghcup/tmp/ghcup-ghc-8.10.7_cabal-3.6.2.0_hls-1.9.0.0_stack-2.9.1/haskell-language-server-wrapper --lsp -l hls.log
2023-01-13 17:22:13.7450000 [client] INFO server environment variables:
2023-01-13 17:22:13.7450000 [client] INFO   PATH=/home/jordan/.ghcup/tmp/ghcup-ghc-8.10.7_cabal-3.6.2.0_hls-1.9.0.0_stack-2.9.1:/home/jordan/.cabal/bin:/home/jordan/.ghcup/bin:/home/jordan/.nix-profile/bin:/nix/var/nix/profiles/default/bin:/usr/local/sbin:/usr/local/bin:/usr/sbin:/usr/bin:/sbin:/bin:/usr/games:/usr/local/games:/snap/bin:/snap/bin
2023-01-13 17:22:13.7470000 [client] INFO Starting language server
2023-01-13 17:23:39.3200000 [client] INFO Writing client log to file /home/jordan/Repos/Work/cardano-haskell/cardano-node/hls.log
2023-01-13 17:23:39.3200000 [client] INFO Finding haskell-language-server
2023-01-13 17:23:39.3210000 [client] INFO Checking for ghcup installation
2023-01-13 17:23:39.3210000 [client] INFO Trying to find the ghcup executable in: /home/jordan/.ghcup/bin/ghcup
2023-01-13 17:23:39.3280000 [client] INFO Executing '/home/jordan/.ghcup/bin/ghcup --no-verbose upgrade' in cwd '/home/jordan'
2023-01-13 17:23:39.7230000 [client] INFO Checking for ghcup installation
2023-01-13 17:23:39.7230000 [client] INFO Trying to find the ghcup executable in: /home/jordan/.ghcup/bin/ghcup
2023-01-13 17:23:39.7280000 [client] INFO Executing '/home/jordan/.ghcup/bin/ghcup --no-verbose list -t hls -c installed -r' in cwd '/home/jordan'
2023-01-13 17:23:39.7610000 [client] INFO Checking for ghcup installation
2023-01-13 17:23:39.7610000 [client] INFO Trying to find the ghcup executable in: /home/jordan/.ghcup/bin/ghcup
2023-01-13 17:23:39.7670000 [client] INFO Executing '/home/jordan/.ghcup/bin/ghcup --no-verbose list -t cabal -c installed -r' in cwd '/home/jordan'
2023-01-13 17:23:39.8030000 [client] INFO Checking for ghcup installation
2023-01-13 17:23:39.8030000 [client] INFO Trying to find the ghcup executable in: /home/jordan/.ghcup/bin/ghcup
2023-01-13 17:23:39.8080000 [client] INFO Executing '/home/jordan/.ghcup/bin/ghcup --no-verbose list -t stack -c installed -r' in cwd '/home/jordan'
2023-01-13 17:23:39.8450000 [client] INFO Checking for ghcup installation
2023-01-13 17:23:39.8450000 [client] INFO Trying to find the ghcup executable in: /home/jordan/.ghcup/bin/ghcup
2023-01-13 17:23:39.8490000 [client] INFO Executing '/home/jordan/.ghcup/bin/ghcup --no-verbose whereis hls 1.9.0.0' in cwd '/home/jordan'
2023-01-13 17:23:39.8630000 [client] INFO Checking for ghcup installation
2023-01-13 17:23:39.8630000 [client] INFO Trying to find the ghcup executable in: /home/jordan/.ghcup/bin/ghcup
2023-01-13 17:23:39.8670000 [client] INFO Executing '/home/jordan/.ghcup/bin/ghcup --no-verbose whereis cabal 3.6.2.0' in cwd '/home/jordan'
2023-01-13 17:23:39.8820000 [client] INFO Checking for ghcup installation
2023-01-13 17:23:39.8820000 [client] INFO Trying to find the ghcup executable in: /home/jordan/.ghcup/bin/ghcup
2023-01-13 17:23:39.8860000 [client] INFO Executing '/home/jordan/.ghcup/bin/ghcup --no-verbose whereis stack 2.9.1' in cwd '/home/jordan'
2023-01-13 17:23:39.9030000 [client] INFO Executing 'ghc --numeric-version' in cwd '/home/jordan'
2023-01-13 17:23:39.9310000 [client] INFO Checking for ghcup installation
2023-01-13 17:23:39.9310000 [client] INFO Trying to find the ghcup executable in: /home/jordan/.ghcup/bin/ghcup
2023-01-13 17:23:39.9360000 [client] INFO Executing '/home/jordan/.ghcup/bin/ghcup --no-verbose run --hls 1.9.0.0 --cabal 3.6.2.0 --stack 2.9.1 --install' in cwd '/home/jordan'
2023-01-13 17:23:39.9810000 [client] INFO Working out the project GHC version. This might take a while...
2023-01-13 17:23:39.9820000 [client] INFO Executing 'haskell-language-server-wrapper --project-ghc-version' in cwd '/home/jordan/Repos/Work/cardano-haskell/cardano-node'
2023-01-13 17:28:24.8170000 [client] INFO The GHC version for the project or file: 8.10.7
2023-01-13 17:28:25.6040000 [client] INFO Platform constants: Linux_UnknownLinux, A_64
2023-01-13 17:28:25.6050000 [client] INFO Checking for ghcup installation
2023-01-13 17:28:25.6050000 [client] INFO Trying to find the ghcup executable in: /home/jordan/.ghcup/bin/ghcup
2023-01-13 17:28:25.6090000 [client] INFO Executing '/home/jordan/.ghcup/bin/ghcup --no-verbose list -t hls -c installed -r' in cwd '/home/jordan'
2023-01-13 17:28:25.6430000 [client] INFO Checking for ghcup installation
2023-01-13 17:28:25.6440000 [client] INFO Trying to find the ghcup executable in: /home/jordan/.ghcup/bin/ghcup
2023-01-13 17:28:25.6490000 [client] INFO Executing '/home/jordan/.ghcup/bin/ghcup --no-verbose whereis bindir' in cwd '/home/jordan'
2023-01-13 17:28:25.6630000 [client] INFO Checking for ghcup installation
2023-01-13 17:28:25.6630000 [client] INFO Trying to find the ghcup executable in: /home/jordan/.ghcup/bin/ghcup
2023-01-13 17:28:25.6680000 [client] INFO Executing '/home/jordan/.ghcup/bin/ghcup --no-verbose whereis hls 1.9.0.0' in cwd '/home/jordan'
2023-01-13 17:28:25.6820000 [client] INFO Checking for ghcup installation
2023-01-13 17:28:25.6820000 [client] INFO Trying to find the ghcup executable in: /home/jordan/.ghcup/bin/ghcup
2023-01-13 17:28:25.6850000 [client] INFO Executing '/home/jordan/.ghcup/bin/ghcup --no-verbose whereis ghc 8.10.7' in cwd '/home/jordan'
2023-01-13 17:28:25.6990000 [client] INFO Checking for ghcup installation
2023-01-13 17:28:25.6990000 [client] INFO Trying to find the ghcup executable in: /home/jordan/.ghcup/bin/ghcup
2023-01-13 17:28:25.7040000 [client] INFO Executing '/home/jordan/.ghcup/bin/ghcup --no-verbose run --hls 1.9.0.0 --cabal 3.6.2.0 --stack 2.9.1 --ghc 8.10.7 --install' in cwd '/home/jordan'
2023-01-13 17:28:25.7480000 [client] INFO Activating the language server in working dir: /home/jordan/Repos/Work/cardano-haskell/cardano-node (the workspace folder)
2023-01-13 17:28:25.7480000 [client] INFO run command: /home/jordan/.ghcup/tmp/ghcup-ghc-8.10.7_cabal-3.6.2.0_hls-1.9.0.0_stack-2.9.1/haskell-language-server-wrapper --lsp -l hls.log
2023-01-13 17:28:25.7480000 [client] INFO debug command: /home/jordan/.ghcup/tmp/ghcup-ghc-8.10.7_cabal-3.6.2.0_hls-1.9.0.0_stack-2.9.1/haskell-language-server-wrapper --lsp -l hls.log
2023-01-13 17:28:25.7480000 [client] INFO server environment variables:
2023-01-13 17:28:25.7480000 [client] INFO   PATH=/home/jordan/.ghcup/tmp/ghcup-ghc-8.10.7_cabal-3.6.2.0_hls-1.9.0.0_stack-2.9.1:/home/jordan/.cabal/bin:/home/jordan/.ghcup/bin:/home/jordan/.nix-profile/bin:/nix/var/nix/profiles/default/bin:/usr/local/sbin:/usr/local/bin:/usr/sbin:/usr/bin:/sbin:/bin:/usr/games:/usr/local/games:/snap/bin:/snap/bin
2023-01-13 17:28:25.7520000 [client] INFO Starting language server
2023-01-13T17:28:47.697212Z | Info | haskell-language-server version: 1.9.0.0 (GHC: 8.10.7) (PATH: /home/jordan/.ghcup/hls/1.9.0.0/lib/haskell-language-server-1.9.0.0/bin/haskell-language-server-8.10.7)
2023-01-13T17:28:47.698166Z | Info | Directory: /home/jordan/Repos/Work/cardano-haskell/cardano-node
2023-01-13T17:28:47.698258Z | Info | Starting (haskell-language-server) LSP server...
  GhcideArguments {argsCommand = LSP, argsCwd = Nothing, argsShakeProfiling = Nothing, argsTesting = False, argsExamplePlugin = False, argsDebugOn = False, argsLogFile = Just "hls.log", argsThreads = 0, argsProjectGhcVersion = False}
  PluginIds: [ pragmas
             , LSPRecorderCallback
             , rename
             , ghcide-completions
             , stan
             , class
             , refineImports
             , splice
             , cabal
             , changeTypeSignature
             , qualifyImportedNames
             , alternateNumberFormat
             , hlint
             , cabalfmt
             , explicit-fields
             , ghcide-code-actions-fill-holes
             , floskell
             , ghcide-extend-import-action
             , codeRange
             , haddockComments
             , importLens
             , retrie
             , ghcide-type-lenses
             , ghcide-code-actions-imports-exports
             , ghcide-hover-and-symbols
             , eval
             , gadt
             , fourmolu
             , tactics
             , callHierarchy
             , stylish-haskell
             , ghcide-code-actions-type-signatures
             , ghcide-code-actions-bindings
             , moduleName
             , brittany
             , ormolu
             , ghcide-core
             , explicit-fixity ]
2023-01-13T17:28:47.698736Z | Info | Logging heap statistics every 60.00s
2023-01-13T17:28:47.705473Z | Info | Starting LSP server...
  If you are seeing this in a terminal, you probably should have run WITHOUT the --lsp option!
  PluginIds: [ pragmas
             , LSPRecorderCallback
             , rename
             , ghcide-completions
             , stan
             , class
             , refineImports
             , splice
             , cabal
             , changeTypeSignature
             , qualifyImportedNames
             , alternateNumberFormat
             , hlint
             , cabalfmt
             , explicit-fields
             , ghcide-code-actions-fill-holes
             , floskell
             , ghcide-extend-import-action
             , codeRange
             , haddockComments
             , importLens
             , retrie
             , ghcide-type-lenses
             , ghcide-code-actions-imports-exports
             , ghcide-hover-and-symbols
             , eval
             , gadt
             , fourmolu
             , tactics
             , callHierarchy
             , stylish-haskell
             , ghcide-code-actions-type-signatures
             , ghcide-code-actions-bindings
             , moduleName
             , brittany
             , ormolu
             , ghcide-core
             , explicit-fixity ]
2023-01-13T17:28:47.706447Z | Info | Starting server
2023-01-13T17:28:47.716320Z | Info | Started LSP server in 0.01s
2023-01-13T17:28:49.107025Z | Info | Registering IDE configuration: IdeConfiguration {workspaceFolders = fromList [NormalizedUri (-6882244265222696337) "file:///home/jordan/Repos/Work/cardano-haskell/cardano-node"], clientSettings = hashed Nothing}
2023-01-13T17:28:49.123018Z | Info | Cradle path: cardano-testnet/test/Test/Cli/Babbage/BabbageTest.hs
2023-01-13T17:29:47.699930Z | Info | Live bytes: 0.00MB Heap size: 0.00MB
2023-01-13T17:30:47.700707Z | Info | Live bytes: 0.00MB Heap size: 0.00MB
2023-01-13T17:31:47.701402Z | Info | Live bytes: 0.00MB Heap size: 0.00MB
2023-01-13T17:32:47.702619Z | Info | Live bytes: 0.00MB Heap size: 0.00MB
2023-01-13T17:33:47.703777Z | Info | Live bytes: 0.00MB Heap size: 0.00MB
2023-01-13T17:34:02.542271Z | Info | Interface files cache directory: /home/jordan/.cache/ghcide/main-53738d7604bddcecad09469a45c554063c0743d5
2023-01-13T17:34:02.542632Z | Info | Making new HscEnv. In-place unit ids: [main]
2023-01-13T17:34:47.747241Z | Info | Live bytes: 326.41MB Heap size: 1512.05MB
2023-01-13T17:35:47.807858Z | Info | Live bytes: 326.41MB Heap size: 1512.05MB
2023-01-13T17:36:47.840221Z | Info | Live bytes: 326.41MB Heap size: 1512.05MB
2023-01-13T17:37:47.850681Z | Info | Live bytes: 326.41MB Heap size: 1512.05MB
2023-01-13T17:38:47.911231Z | Info | Live bytes: 326.41MB Heap size: 1512.05MB
2023-01-13T17:39:47.971236Z | Info | Live bytes: 326.41MB Heap size: 1512.05MB
2023-01-13T17:40:48.031199Z | Info | Live bytes: 326.41MB Heap size: 1512.05MB
2023-01-13T17:41:37.919485Z | Info | Cradle path: cardano-testnet/src/Testnet.hs
2023-01-13T17:41:41.052683Z | Info | Interface files cache directory: /home/jordan/.cache/ghcide/cardano-testnet-1.36.0-inplace-9a5573b01db4b650b18eb471fc65f49699664ac3
2023-01-13T17:41:41.052928Z | Info | Interface files cache directory: /home/jordan/.cache/ghcide/main-6ad73425c95252c83c5adc18136bf416e3913085
2023-01-13T17:41:41.053020Z | Info | Making new HscEnv. In-place unit ids: [cardano-testnet-1.36.0-inplace, main]
2023-01-13T17:41:48.035189Z | Info | Live bytes: 797.24MB Heap size: 2089.81MB
2023-01-13T17:41:55.561302Z | Info | Typechecking reverse dependencies for NormalizedFilePath "/home/jordan/Repos/Work/cardano-haskell/cardano-node/cardano-testnet/src/Testnet.hs": [ NormalizedFilePath "/home/jordan/Repos/Work/cardano-haskell/cardano-node/cardano-testnet/src/Parsers/Cardano.hs"
                                                                                                                                                , NormalizedFilePath "/home/jordan/Repos/Work/cardano-haskell/cardano-node/cardano-testnet/src/Cardano/Testnet.hs"
                                                                                                                                                , NormalizedFilePath "/home/jordan/Repos/Work/cardano-haskell/cardano-node/cardano-testnet/src/Parsers/Shelley.hs"
                                                                                                                                                , NormalizedFilePath "/home/jordan/Repos/Work/cardano-haskell/cardano-node/cardano-testnet/src/Parsers/Babbage.hs" ]
2023-01-13T17:42:04.719097Z | Warning | class: InternalError: Unable to typecheck
2023-01-13T17:42:05.450768Z | Warning | changeTypeSignature: InternalError: Could not get Parsed Module
2023-01-13T17:42:05.450928Z | Warning | alternateNumberFormat: InternalError: Could not Collect Literals
2023-01-13T17:42:05.450996Z | Warning | explicit-fields: InternalError: Unable to TypeCheck
2023-01-13T17:42:05.451029Z | Warning | gadt: InternalError: Unable to get ParsedModuleWithComments
2023-01-13T17:42:05.597825Z | Warning | codeRange: bad dependency: GetCodeRange
2023-01-13T17:42:05.951855Z | Warning | class: InternalError: Unable to typecheck
2023-01-13T17:42:05.956474Z | Warning | changeTypeSignature: InternalError: Could not get Parsed Module
2023-01-13T17:42:05.956550Z | Warning | alternateNumberFormat: InternalError: Could not Collect Literals
2023-01-13T17:42:05.956566Z | Warning | explicit-fields: InternalError: Unable to TypeCheck
2023-01-13T17:42:05.956581Z | Warning | gadt: InternalError: Unable to get ParsedModuleWithComments
2023-01-13T17:42:06.427459Z | Warning | changeTypeSignature: InternalError: Could not get Parsed Module
2023-01-13T17:42:06.427560Z | Warning | alternateNumberFormat: InternalError: Could not Collect Literals
2023-01-13T17:42:06.427578Z | Warning | explicit-fields: InternalError: Unable to TypeCheck
2023-01-13T17:42:06.427596Z | Warning | gadt: InternalError: Unable to get ParsedModuleWithComments
2023-01-13T17:42:06.542752Z | Warning | codeRange: bad dependency: GetCodeRange
2023-01-13T17:42:07.092801Z | Warning | class: InternalError: Unable to typecheck
2023-01-13T17:42:07.097903Z | Warning | changeTypeSignature: InternalError: Could not get Parsed Module
2023-01-13T17:42:07.098022Z | Warning | alternateNumberFormat: InternalError: Could not Collect Literals
2023-01-13T17:42:07.098105Z | Warning | explicit-fields: InternalError: Unable to TypeCheck
2023-01-13T17:42:07.098196Z | Warning | gadt: InternalError: Unable to get ParsedModuleWithComments
2023-01-13T17:42:07.515218Z | Warning | codeRange: bad dependency: GetCodeRange
2023-01-13T17:42:08.768345Z | Warning | changeTypeSignature: InternalError: Could not get Parsed Module
2023-01-13T17:42:08.768446Z | Warning | alternateNumberFormat: InternalError: Could not Collect Literals
2023-01-13T17:42:08.768479Z | Warning | explicit-fields: InternalError: Unable to TypeCheck
2023-01-13T17:42:08.768512Z | Warning | gadt: InternalError: Unable to get ParsedModuleWithComments
2023-01-13T17:42:13.426643Z | Warning | codeRange: bad dependency: GetCodeRange
2023-01-13T17:42:13.480278Z | Warning | class: InternalError: Unable to typecheck
2023-01-13T17:42:14.160183Z | Warning | changeTypeSignature: InternalError: Could not get Parsed Module
2023-01-13T17:42:14.160308Z | Warning | alternateNumberFormat: InternalError: Could not Collect Literals
2023-01-13T17:42:14.160359Z | Warning | explicit-fields: InternalError: Unable to TypeCheck
2023-01-13T17:42:14.160399Z | Warning | gadt: InternalError: Unable to get ParsedModuleWithComments
2023-01-13T17:42:14.897009Z | Warning | codeRange: bad dependency: GetCodeRange
2023-01-13T17:42:14.953844Z | Warning | class: InternalError: Unable to typecheck
2023-01-13T17:42:14.958112Z | Warning | changeTypeSignature: InternalError: Could not get Parsed Module
2023-01-13T17:42:14.958220Z | Warning | alternateNumberFormat: InternalError: Could not Collect Literals
2023-01-13T17:42:14.958269Z | Warning | explicit-fields: InternalError: Unable to TypeCheck
2023-01-13T17:42:14.958316Z | Warning | gadt: InternalError: Unable to get ParsedModuleWithComments
2023-01-13T17:42:16.667437Z | Warning | codeRange: bad dependency: GetCodeRange
2023-01-13T17:42:16.769063Z | Warning | explicit-fields: InternalError: Unable to TypeCheck
2023-01-13T17:42:16.877785Z | Warning | codeRange: bad dependency: GetCodeRange
2023-01-13T17:42:16.937790Z | Warning | class: InternalError: Unable to typecheck
2023-01-13T17:42:17.048493Z | Info | Typechecking reverse dependencies for NormalizedFilePath "/home/jordan/Repos/Work/cardano-haskell/cardano-node/cardano-testnet/src/Testnet.hs": [ NormalizedFilePath "/home/jordan/Repos/Work/cardano-haskell/cardano-node/cardano-testnet/src/Parsers/Cardano.hs"
                                                                                                                                                , NormalizedFilePath "/home/jordan/Repos/Work/cardano-haskell/cardano-node/cardano-testnet/src/Cardano/Testnet.hs"
                                                                                                                                                , NormalizedFilePath "/home/jordan/Repos/Work/cardano-haskell/cardano-node/cardano-testnet/src/Parsers/Shelley.hs"
                                                                                                                                                , NormalizedFilePath "/home/jordan/Repos/Work/cardano-haskell/cardano-node/cardano-testnet/src/Parsers/Babbage.hs" ]
2023-01-13T17:42:17.304785Z | Warning | class: InternalError: Unable to typecheck
2023-01-13T17:42:18.230324Z | Warning | codeRange: bad dependency: GetCodeRange
2023-01-13T17:42:18.691537Z | Info | Typechecking reverse dependencies for NormalizedFilePath "/home/jordan/Repos/Work/cardano-haskell/cardano-node/cardano-testnet/src/Testnet.hs": [ NormalizedFilePath "/home/jordan/Repos/Work/cardano-haskell/cardano-node/cardano-testnet/src/Parsers/Cardano.hs"
                                                                                                                                                , NormalizedFilePath "/home/jordan/Repos/Work/cardano-haskell/cardano-node/cardano-testnet/src/Cardano/Testnet.hs"
                                                                                                                                                , NormalizedFilePath "/home/jordan/Repos/Work/cardano-haskell/cardano-node/cardano-testnet/src/Parsers/Shelley.hs"
                                                                                                                                                , NormalizedFilePath "/home/jordan/Repos/Work/cardano-haskell/cardano-node/cardano-testnet/src/Parsers/Babbage.hs" ]
2023-01-13T17:42:36.333492Z | Info | Typechecking reverse dependencies for NormalizedFilePath "/home/jordan/Repos/Work/cardano-haskell/cardano-node/cardano-testnet/test/Test/Cli/Alonzo/LeadershipSchedule.hs": [  ]
2023-01-13T17:42:47.306863Z | Info | Typechecking reverse dependencies for NormalizedFilePath "/home/jordan/Repos/Work/cardano-haskell/cardano-node/cardano-testnet/test/Test/Cli/Babbage/BabbageTest.hs": [ NormalizedFilePath "/home/jordan/Repos/Work/cardano-haskell/cardano-node/cardano-testnet/test/Main.hs" ]
2023-01-13T17:42:48.036724Z | Info | Live bytes: 920.22MB Heap size: 2146.44MB
2023-01-13T17:43:48.086944Z | Info | Live bytes: 920.22MB Heap size: 2146.44MB
2023-01-13T17:44:48.147130Z | Info | Live bytes: 946.31MB Heap size: 2146.44MB
2023-01-13T17:44:55.373004Z | Info | Typechecking reverse dependencies for NormalizedFilePath "/home/jordan/Repos/Work/cardano-haskell/cardano-node/cardano-testnet/test/Test/Cli/Babbage/BabbageTest.hs": [ NormalizedFilePath "/home/jordan/Repos/Work/cardano-haskell/cardano-node/cardano-testnet/test/Main.hs" ]
2023-01-13T17:45:15.332745Z | Warning | codeRange: bad dependency: GetCodeRange
2023-01-13T17:45:15.390307Z | Warning | class: InternalError: Unable to typecheck
2023-01-13T17:45:15.771601Z | Info | Typechecking reverse dependencies for NormalizedFilePath "/home/jordan/Repos/Work/cardano-haskell/cardano-node/cardano-testnet/test/Test/Cli/Babbage/BabbageTest.hs": [ NormalizedFilePath "/home/jordan/Repos/Work/cardano-haskell/cardano-node/cardano-testnet/test/Main.hs" ]
2023-01-13T17:45:28.888192Z | Info | Typechecking reverse dependencies for NormalizedFilePath "/home/jordan/Repos/Work/cardano-haskell/cardano-node/cardano-testnet/test/Test/Cli/Babbage/LeadershipSchedule.hs": [  ]
2023-01-13T17:45:48.147814Z | Info | Live bytes: 931.94MB Heap size: 2711.62MB
2023-01-13T17:45:48.196184Z | Info | Typechecking reverse dependencies for NormalizedFilePath "/home/jordan/Repos/Work/cardano-haskell/cardano-node/cardano-testnet/test/Test/Cli/KesPeriodInfo.hs": [  ]
2023-01-13T17:45:51.678835Z | Warning | codeRange: bad dependency: GetCodeRange
2023-01-13T17:45:51.747190Z | Warning | class: InternalError: Unable to typecheck
2023-01-13T17:45:51.796585Z | Warning | explicit-fields: InternalError: Unable to TypeCheck
2023-01-13T17:45:53.209939Z | Info | Typechecking reverse dependencies for NormalizedFilePath "/home/jordan/Repos/Work/cardano-haskell/cardano-node/cardano-testnet/test/Test/FoldBlocks.hs": [  ]
2023-01-13T17:45:57.109591Z | Warning | codeRange: bad dependency: GetCodeRange
2023-01-13T17:45:57.974418Z | Info | Typechecking reverse dependencies for NormalizedFilePath "/home/jordan/Repos/Work/cardano-haskell/cardano-node/cardano-testnet/test/Test/ShutdownOnSlotSynced.hs": [  ]
2023-01-13T17:46:48.150309Z | Info | Live bytes: 961.69MB Heap size: 2711.62MB
2023-01-13T17:46:49.720520Z | Info | Typechecking reverse dependencies for NormalizedFilePath "/home/jordan/Repos/Work/cardano-haskell/cardano-node/cardano-testnet/test/Test/Cli/Babbage/BabbageTest.hs": [ NormalizedFilePath "/home/jordan/Repos/Work/cardano-haskell/cardano-node/cardano-testnet/test/Main.hs" ]
2023-01-13T17:47:14.969229Z | Warning | Typechecked a file which is not currently open in the editor: /home/jordan/Repos/Work/cardano-haskell/cardano-node/cardano-testnet/src/Cardano/Testnet.hs
This can indicate a bug which results in excessive memory usage.
This may be a spurious warning if you have recently closed the file.
If you haven't opened this file recently, please file a report on the issue tracker mentioning the HLS version being used, the plugins enabled, and if possible the codebase and file which triggered this warning.
2023-01-13T17:47:19.146934Z | Warning | Typechecked a file which is not currently open in the editor: /home/jordan/Repos/Work/cardano-haskell/cardano-node/cardano-testnet/src/Testnet.hs
This can indicate a bug which results in excessive memory usage.
This may be a spurious warning if you have recently closed the file.
If you haven't opened this file recently, please file a report on the issue tracker mentioning the HLS version being used, the plugins enabled, and if possible the codebase and file which triggered this warning.
2023-01-13T17:47:19.873163Z | Warning | Typechecked a file which is not currently open in the editor: /home/jordan/Repos/Work/cardano-haskell/cardano-node/cardano-testnet/src/Testnet/Cardano.hs
This can indicate a bug which results in excessive memory usage.
This may be a spurious warning if you have recently closed the file.
If you haven't opened this file recently, please file a report on the issue tracker mentioning the HLS version being used, the plugins enabled, and if possible the codebase and file which triggered this warning.
2023-01-13T17:47:48.179836Z | Info | Live bytes: 965.95MB Heap size: 2711.62MB
2023-01-13T17:48:48.240291Z | Info | Live bytes: 965.95MB Heap size: 2711.62MB
2023-01-13T17:49:48.299004Z | Info | Live bytes: 965.95MB Heap size: 2711.62MB
2023-01-13T17:50:48.359501Z | Info | Live bytes: 965.95MB Heap size: 2711.62MB
2023-01-13T17:51:48.419934Z | Info | Live bytes: 965.95MB Heap size: 2711.62MB
2023-01-13T17:52:48.478937Z | Info | Live bytes: 965.95MB Heap size: 2711.62MB
2023-01-13T17:53:48.539150Z | Info | Live bytes: 974.84MB Heap size: 2711.62MB
2023-01-13T17:54:33.540606Z | Error | Got EOF
2023-01-14 15:09:41.1160000 [client] INFO Writing client log to file /home/jordan/Repos/Work/cardano-haskell/cardano-node/hls.log
2023-01-14 15:09:41.1170000 [client] INFO Finding haskell-language-server
2023-01-14 15:09:41.1280000 [client] INFO Checking for ghcup installation
2023-01-14 15:09:41.1280000 [client] INFO Trying to find the ghcup executable in: /home/jordan/.ghcup/bin/ghcup
2023-01-14 15:09:41.1330000 [client] INFO Executing '/home/jordan/.ghcup/bin/ghcup --no-verbose upgrade' in cwd '/home/jordan'
2023-01-14 15:09:41.9020000 [client] INFO Checking for ghcup installation
2023-01-14 15:09:41.9020000 [client] INFO Trying to find the ghcup executable in: /home/jordan/.ghcup/bin/ghcup
2023-01-14 15:09:41.9070000 [client] INFO Executing '/home/jordan/.ghcup/bin/ghcup --no-verbose list -t hls -c installed -r' in cwd '/home/jordan'
2023-01-14 15:09:41.9520000 [client] INFO Checking for ghcup installation
2023-01-14 15:09:41.9520000 [client] INFO Trying to find the ghcup executable in: /home/jordan/.ghcup/bin/ghcup
2023-01-14 15:09:41.9570000 [client] INFO Executing '/home/jordan/.ghcup/bin/ghcup --no-verbose list -t cabal -c installed -r' in cwd '/home/jordan'
2023-01-14 15:09:42.0010000 [client] INFO Checking for ghcup installation
2023-01-14 15:09:42.0010000 [client] INFO Trying to find the ghcup executable in: /home/jordan/.ghcup/bin/ghcup
2023-01-14 15:09:42.0050000 [client] INFO Executing '/home/jordan/.ghcup/bin/ghcup --no-verbose list -t stack -c installed -r' in cwd '/home/jordan'
2023-01-14 15:09:42.0440000 [client] INFO Checking for ghcup installation
2023-01-14 15:09:42.0440000 [client] INFO Trying to find the ghcup executable in: /home/jordan/.ghcup/bin/ghcup
2023-01-14 15:09:42.0490000 [client] INFO Executing '/home/jordan/.ghcup/bin/ghcup --no-verbose whereis hls 1.9.0.0' in cwd '/home/jordan'
2023-01-14 15:09:42.0640000 [client] INFO Checking for ghcup installation
2023-01-14 15:09:42.0640000 [client] INFO Trying to find the ghcup executable in: /home/jordan/.ghcup/bin/ghcup
2023-01-14 15:09:42.0680000 [client] INFO Executing '/home/jordan/.ghcup/bin/ghcup --no-verbose whereis cabal 3.6.2.0' in cwd '/home/jordan'
2023-01-14 15:09:42.0810000 [client] INFO Checking for ghcup installation
2023-01-14 15:09:42.0810000 [client] INFO Trying to find the ghcup executable in: /home/jordan/.ghcup/bin/ghcup
2023-01-14 15:09:42.0870000 [client] INFO Executing '/home/jordan/.ghcup/bin/ghcup --no-verbose whereis stack 2.9.1' in cwd '/home/jordan'
2023-01-14 15:09:42.1040000 [client] INFO Executing 'ghc --numeric-version' in cwd '/home/jordan'
2023-01-14 15:09:42.1790000 [client] INFO Checking for ghcup installation
2023-01-14 15:09:42.1790000 [client] INFO Trying to find the ghcup executable in: /home/jordan/.ghcup/bin/ghcup
2023-01-14 15:09:42.1830000 [client] INFO Executing '/home/jordan/.ghcup/bin/ghcup --no-verbose run --hls 1.9.0.0 --cabal 3.6.2.0 --stack 2.9.1 --install' in cwd '/home/jordan'
2023-01-14 15:09:42.2260000 [client] INFO Working out the project GHC version. This might take a while...
2023-01-14 15:09:42.2270000 [client] INFO Executing 'haskell-language-server-wrapper --project-ghc-version' in cwd '/home/jordan/Repos/Work/cardano-haskell/cardano-node'
2023-01-14 15:09:45.0530000 [client] INFO The GHC version for the project or file: 8.10.7
2023-01-14 15:09:45.3780000 [client] INFO Platform constants: Linux_UnknownLinux, A_64
2023-01-14 15:09:45.3780000 [client] INFO Checking for ghcup installation
2023-01-14 15:09:45.3780000 [client] INFO Trying to find the ghcup executable in: /home/jordan/.ghcup/bin/ghcup
2023-01-14 15:09:45.3860000 [client] INFO Executing '/home/jordan/.ghcup/bin/ghcup --no-verbose list -t hls -c installed -r' in cwd '/home/jordan'
2023-01-14 15:09:45.4220000 [client] INFO Checking for ghcup installation
2023-01-14 15:09:45.4220000 [client] INFO Trying to find the ghcup executable in: /home/jordan/.ghcup/bin/ghcup
2023-01-14 15:09:45.4260000 [client] INFO Executing '/home/jordan/.ghcup/bin/ghcup --no-verbose whereis bindir' in cwd '/home/jordan'
2023-01-14 15:09:45.4400000 [client] INFO Checking for ghcup installation
2023-01-14 15:09:45.4400000 [client] INFO Trying to find the ghcup executable in: /home/jordan/.ghcup/bin/ghcup
2023-01-14 15:09:45.4450000 [client] INFO Executing '/home/jordan/.ghcup/bin/ghcup --no-verbose whereis hls 1.9.0.0' in cwd '/home/jordan'
2023-01-14 15:09:45.4590000 [client] INFO Checking for ghcup installation
2023-01-14 15:09:45.4590000 [client] INFO Trying to find the ghcup executable in: /home/jordan/.ghcup/bin/ghcup
2023-01-14 15:09:45.4650000 [client] INFO Executing '/home/jordan/.ghcup/bin/ghcup --no-verbose whereis ghc 8.10.7' in cwd '/home/jordan'
2023-01-14 15:09:45.4810000 [client] INFO Checking for ghcup installation
2023-01-14 15:09:45.4810000 [client] INFO Trying to find the ghcup executable in: /home/jordan/.ghcup/bin/ghcup
2023-01-14 15:09:45.4870000 [client] INFO Executing '/home/jordan/.ghcup/bin/ghcup --no-verbose run --hls 1.9.0.0 --cabal 3.6.2.0 --stack 2.9.1 --ghc 8.10.7 --install' in cwd '/home/jordan'
2023-01-14 15:09:45.5320000 [client] INFO Activating the language server in working dir: /home/jordan/Repos/Work/cardano-haskell/cardano-node (the workspace folder)
2023-01-14 15:09:45.5330000 [client] INFO run command: /home/jordan/.ghcup/tmp/ghcup-ghc-8.10.7_cabal-3.6.2.0_hls-1.9.0.0_stack-2.9.1/haskell-language-server-wrapper --lsp -l hls.log
2023-01-14 15:09:45.5330000 [client] INFO debug command: /home/jordan/.ghcup/tmp/ghcup-ghc-8.10.7_cabal-3.6.2.0_hls-1.9.0.0_stack-2.9.1/haskell-language-server-wrapper --lsp -l hls.log
2023-01-14 15:09:45.5330000 [client] INFO server environment variables:
2023-01-14 15:09:45.5330000 [client] INFO   PATH=/home/jordan/.ghcup/tmp/ghcup-ghc-8.10.7_cabal-3.6.2.0_hls-1.9.0.0_stack-2.9.1:/home/jordan/.cabal/bin:/home/jordan/.ghcup/bin:/home/jordan/.nix-profile/bin:/nix/var/nix/profiles/default/bin:/usr/local/sbin:/usr/local/bin:/usr/sbin:/usr/bin:/sbin:/bin:/usr/games:/usr/local/games:/snap/bin:/snap/bin
2023-01-14 15:09:45.5370000 [client] INFO Starting language server
2023-01-14 15:23:19.9630000 [client] INFO Writing client log to file /home/jordan/Repos/Work/cardano-haskell/cardano-node/hls.log
2023-01-14 15:23:19.9630000 [client] INFO Finding haskell-language-server
2023-01-14 15:23:19.9730000 [client] INFO Checking for ghcup installation
2023-01-14 15:23:19.9730000 [client] INFO Trying to find the ghcup executable in: /home/jordan/.ghcup/bin/ghcup
2023-01-14 15:23:19.9780000 [client] INFO Executing '/home/jordan/.ghcup/bin/ghcup --no-verbose upgrade' in cwd '/home/jordan'
2023-01-14 15:23:25.4130000 [client] INFO Checking for ghcup installation
2023-01-14 15:23:25.4130000 [client] INFO Trying to find the ghcup executable in: /home/jordan/.ghcup/bin/ghcup
2023-01-14 15:23:25.4170000 [client] INFO Executing '/home/jordan/.ghcup/bin/ghcup --no-verbose list -t hls -c installed -r' in cwd '/home/jordan'
2023-01-14 15:23:25.4600000 [client] INFO Checking for ghcup installation
2023-01-14 15:23:25.4600000 [client] INFO Trying to find the ghcup executable in: /home/jordan/.ghcup/bin/ghcup
2023-01-14 15:23:25.4650000 [client] INFO Executing '/home/jordan/.ghcup/bin/ghcup --no-verbose list -t cabal -c installed -r' in cwd '/home/jordan'
2023-01-14 15:23:25.4980000 [client] INFO Checking for ghcup installation
2023-01-14 15:23:25.4980000 [client] INFO Trying to find the ghcup executable in: /home/jordan/.ghcup/bin/ghcup
2023-01-14 15:23:25.5020000 [client] INFO Executing '/home/jordan/.ghcup/bin/ghcup --no-verbose list -t stack -c installed -r' in cwd '/home/jordan'
2023-01-14 15:23:25.5390000 [client] INFO Checking for ghcup installation
2023-01-14 15:23:25.5390000 [client] INFO Trying to find the ghcup executable in: /home/jordan/.ghcup/bin/ghcup
2023-01-14 15:23:25.5430000 [client] INFO Executing '/home/jordan/.ghcup/bin/ghcup --no-verbose whereis hls 1.9.0.0' in cwd '/home/jordan'
2023-01-14 15:23:25.5560000 [client] INFO Checking for ghcup installation
2023-01-14 15:23:25.5560000 [client] INFO Trying to find the ghcup executable in: /home/jordan/.ghcup/bin/ghcup
2023-01-14 15:23:25.5600000 [client] INFO Executing '/home/jordan/.ghcup/bin/ghcup --no-verbose whereis cabal 3.6.2.0' in cwd '/home/jordan'
2023-01-14 15:23:25.5730000 [client] INFO Checking for ghcup installation
2023-01-14 15:23:25.5730000 [client] INFO Trying to find the ghcup executable in: /home/jordan/.ghcup/bin/ghcup
2023-01-14 15:23:25.5770000 [client] INFO Executing '/home/jordan/.ghcup/bin/ghcup --no-verbose whereis stack 2.9.1' in cwd '/home/jordan'
2023-01-14 15:23:25.5950000 [client] INFO Executing 'ghc --numeric-version' in cwd '/home/jordan'
2023-01-14 15:23:25.6220000 [client] INFO Checking for ghcup installation
2023-01-14 15:23:25.6230000 [client] INFO Trying to find the ghcup executable in: /home/jordan/.ghcup/bin/ghcup
2023-01-14 15:23:25.6270000 [client] INFO Executing '/home/jordan/.ghcup/bin/ghcup --no-verbose run --hls 1.9.0.0 --cabal 3.6.2.0 --stack 2.9.1 --install' in cwd '/home/jordan'
2023-01-14 15:23:25.6710000 [client] INFO Working out the project GHC version. This might take a while...
2023-01-14 15:23:25.6720000 [client] INFO Executing 'haskell-language-server-wrapper --project-ghc-version' in cwd '/home/jordan/Repos/Work/cardano-haskell/cardano-node'
